0 silly argv {
0 silly argv   _: [ 'create' ],
0 silly argv   lernaVersion: '3.20.2',
0 silly argv   '$0': '../../../../.nvm/versions/node/v12.13.1/bin/lerna',
0 silly argv   name: 'wit-serve-license'
0 silly argv }
1 notice cli v3.20.2
2 verbose rootPath /home/aylingw/Documents/projects/wit/wit-serve
3 warn ENOREMOTE No git remote found, skipping repository property
4 error Error: canceled
4 error     at Interface.<anonymous> (/home/aylingw/.nvm/versions/node/v12.13.1/lib/node_modules/lerna/node_modules/read/lib/read.js:66:13)
4 error     at Interface.emit (events.js:210:5)
4 error     at Interface._ttyWrite (readline.js:887:16)
4 error     at ReadStream.onkeypress (readline.js:191:10)
4 error     at ReadStream.emit (events.js:210:5)
4 error     at emitKeys (internal/readline/utils.js:433:14)
4 error     at emitKeys.next (<anonymous>)
4 error     at ReadStream.onData (readline.js:1153:36)
4 error     at ReadStream.emit (events.js:210:5)
4 error     at addChunk (_stream_readable.js:309:12)
4 error     at readableAddChunk (_stream_readable.js:290:11)
4 error     at ReadStream.Readable.push (_stream_readable.js:224:10)
